<?xml version="1.0" encoding="UTF-8"?>
<!-- Generated by org.testng.reporters.JUnitReportReporter -->
<testsuite hostname="LAPTOP-2DHTLVVT" failures="0" tests="1" name="reporting_tools.Reportingtool1" time="0.654" errors="0" timestamp="2023-08-30T10:18:02 IST" skipped="0">
  <testcase classname="reporting_tools.Reportingtool1" name="test1" time="0.654"/>
</testsuite> <!-- reporting_tools.Reportingtool1 -->
